2024-03-10 14:58:19,384:INFO:PyCaret RegressionExperiment
2024-03-10 14:58:19,384:INFO:Logging name: reg-default-name
2024-03-10 14:58:19,384:INFO:ML Usecase: MLUsecase.REGRESSION
2024-03-10 14:58:19,385:INFO:version 3.3.0
2024-03-10 14:58:19,385:INFO:Initializing setup()
2024-03-10 14:58:19,385:INFO:self.USI: 144f
2024-03-10 14:58:19,386:INFO:self._variable_keys: {'X_train', 'gpu_param', 'fold_generator', 'logging_param', 'USI', '_ml_usecase', 'fold_shuffle_param', 'X', 'y_train', 'n_jobs_param', 'seed', 'fold_groups_param', 'pipeline', '_available_plots', 'data', 'log_plots_param', 'memory', 'y_test', 'gpu_n_jobs_param', 'X_test', 'target_param', 'idx', 'exp_name_log', 'exp_id', 'html_param', 'y', 'transform_target_param'}
2024-03-10 14:58:19,387:INFO:Checking environment
2024-03-10 14:58:19,387:INFO:python_version: 3.11.4
2024-03-10 14:58:19,387:INFO:python_build: ('main', 'Jul  5 2023 13:38:37')
2024-03-10 14:58:19,387:INFO:machine: AMD64
2024-03-10 14:58:19,387:INFO:platform: Windows-10-10.0.22631-SP0
2024-03-10 14:58:19,387:INFO:Memory: svmem(total=6376402944, available=1035022336, percent=83.8, used=5341380608, free=1035022336)
2024-03-10 14:58:19,388:INFO:Physical Core: 4
2024-03-10 14:58:19,388:INFO:Logical Core: 8
2024-03-10 14:58:19,388:INFO:Checking libraries
2024-03-10 14:58:19,388:INFO:System:
2024-03-10 14:58:19,388:INFO:    python: 3.11.4 | packaged by Anaconda, Inc. | (main, Jul  5 2023, 13:38:37) [MSC v.1916 64 bit (AMD64)]
2024-03-10 14:58:19,388:INFO:executable: D:\joel\python.exe
2024-03-10 14:58:19,388:INFO:   machine: Windows-10-10.0.22631-SP0
2024-03-10 14:58:19,388:INFO:PyCaret required dependencies:
2024-03-10 14:58:19,389:INFO:                 pip: 23.2.1
2024-03-10 14:58:19,389:INFO:          setuptools: 68.0.0
2024-03-10 14:58:19,389:INFO:             pycaret: 3.3.0
2024-03-10 14:58:19,389:INFO:             IPython: 8.12.0
2024-03-10 14:58:19,389:INFO:          ipywidgets: 8.0.4
2024-03-10 14:58:19,389:INFO:                tqdm: 4.65.0
2024-03-10 14:58:19,389:INFO:               numpy: 1.24.3
2024-03-10 14:58:19,389:INFO:              pandas: 1.5.3
2024-03-10 14:58:19,390:INFO:              jinja2: 3.1.2
2024-03-10 14:58:19,390:INFO:               scipy: 1.10.1
2024-03-10 14:58:19,390:INFO:              joblib: 1.2.0
2024-03-10 14:58:19,390:INFO:             sklearn: 1.4.1.post1
2024-03-10 14:58:19,390:INFO:                pyod: 1.1.3
2024-03-10 14:58:19,390:INFO:            imblearn: 0.12.0
2024-03-10 14:58:19,390:INFO:   category_encoders: 2.6.3
2024-03-10 14:58:19,390:INFO:            lightgbm: 4.3.0
2024-03-10 14:58:19,390:INFO:               numba: 0.57.0
2024-03-10 14:58:19,390:INFO:            requests: 2.31.0
2024-03-10 14:58:19,390:INFO:          matplotlib: 3.7.1
2024-03-10 14:58:19,390:INFO:          scikitplot: 0.3.7
2024-03-10 14:58:19,390:INFO:         yellowbrick: 1.5
2024-03-10 14:58:19,390:INFO:              plotly: 5.19.0
2024-03-10 14:58:19,390:INFO:    plotly-resampler: Not installed
2024-03-10 14:58:19,390:INFO:             kaleido: 0.2.1
2024-03-10 14:58:19,390:INFO:           schemdraw: 0.15
2024-03-10 14:58:19,391:INFO:         statsmodels: 0.14.0
2024-03-10 14:58:19,391:INFO:              sktime: 0.26.0
2024-03-10 14:58:19,391:INFO:               tbats: 1.1.3
2024-03-10 14:58:19,391:INFO:            pmdarima: 2.0.4
2024-03-10 14:58:19,391:INFO:              psutil: 5.9.0
2024-03-10 14:58:19,391:INFO:          markupsafe: 2.1.1
2024-03-10 14:58:19,391:INFO:             pickle5: Not installed
2024-03-10 14:58:19,391:INFO:         cloudpickle: 2.2.1
2024-03-10 14:58:19,391:INFO:         deprecation: 2.1.0
2024-03-10 14:58:19,391:INFO:              xxhash: 3.4.1
2024-03-10 14:58:19,391:INFO:           wurlitzer: Not installed
2024-03-10 14:58:19,391:INFO:PyCaret optional dependencies:
2024-03-10 14:58:19,391:INFO:                shap: Not installed
2024-03-10 14:58:19,391:INFO:           interpret: Not installed
2024-03-10 14:58:19,391:INFO:                umap: Not installed
2024-03-10 14:58:19,391:INFO:     ydata_profiling: Not installed
2024-03-10 14:58:19,392:INFO:  explainerdashboard: Not installed
2024-03-10 14:58:19,392:INFO:             autoviz: Not installed
2024-03-10 14:58:19,392:INFO:           fairlearn: Not installed
2024-03-10 14:58:19,392:INFO:          deepchecks: Not installed
2024-03-10 14:58:19,392:INFO:             xgboost: Not installed
2024-03-10 14:58:19,392:INFO:            catboost: Not installed
2024-03-10 14:58:19,392:INFO:              kmodes: Not installed
2024-03-10 14:58:19,392:INFO:             mlxtend: Not installed
2024-03-10 14:58:19,392:INFO:       statsforecast: Not installed
2024-03-10 14:58:19,392:INFO:        tune_sklearn: Not installed
2024-03-10 14:58:19,392:INFO:                 ray: Not installed
2024-03-10 14:58:19,392:INFO:            hyperopt: Not installed
2024-03-10 14:58:19,392:INFO:              optuna: Not installed
2024-03-10 14:58:19,392:INFO:               skopt: Not installed
2024-03-10 14:58:19,392:INFO:              mlflow: Not installed
2024-03-10 14:58:19,393:INFO:              gradio: Not installed
2024-03-10 14:58:19,393:INFO:             fastapi: Not installed
2024-03-10 14:58:19,393:INFO:             uvicorn: Not installed
2024-03-10 14:58:19,393:INFO:              m2cgen: Not installed
2024-03-10 14:58:19,393:INFO:           evidently: Not installed
2024-03-10 14:58:19,393:INFO:               fugue: Not installed
2024-03-10 14:58:19,393:INFO:           streamlit: Not installed
2024-03-10 14:58:19,393:INFO:             prophet: Not installed
2024-03-10 14:58:19,393:INFO:None
2024-03-10 14:58:19,395:INFO:Set up data.
2024-03-10 14:58:19,411:INFO:Set up folding strategy.
2024-03-10 14:58:19,413:INFO:Set up train/test split.
2024-03-10 14:58:19,433:INFO:Set up index.
2024-03-10 14:58:19,436:INFO:Assigning column types.
2024-03-10 14:58:19,440:INFO:Engine successfully changes for model 'lr' to 'sklearn'.
2024-03-10 14:58:19,443:INFO:Engine for model 'lasso' has not been set explicitly, hence returning None.
2024-03-10 14:58:19,459:INFO:Engine for model 'ridge' has not been set explicitly, hence returning None.
2024-03-10 14:58:19,471:INFO:Engine for model 'en' has not been set explicitly, hence returning None.
2024-03-10 14:58:19,624:INFO:Engine for model 'svm' has not been set explicitly, hence returning None.
2024-03-10 14:58:19,711:INFO:Engine for model 'knn' has not been set explicitly, hence returning None.
2024-03-10 14:58:19,714:WARNING:
'xgboost' is a soft dependency and not included in the pycaret installation. Please run: `pip install xgboost` to install.
Alternately, you can install this by running `pip install pycaret[models]`
2024-03-10 14:58:19,717:WARNING:
'catboost' is a soft dependency and not included in the pycaret installation. Please run: `pip install catboost` to install.
Alternately, you can install this by running `pip install pycaret[models]`
2024-03-10 14:58:19,718:INFO:Engine for model 'lasso' has not been set explicitly, hence returning None.
2024-03-10 14:58:19,725:INFO:Engine for model 'ridge' has not been set explicitly, hence returning None.
2024-03-10 14:58:19,733:INFO:Engine for model 'en' has not been set explicitly, hence returning None.
2024-03-10 14:58:19,828:INFO:Engine for model 'svm' has not been set explicitly, hence returning None.
2024-03-10 14:58:19,906:INFO:Engine for model 'knn' has not been set explicitly, hence returning None.
2024-03-10 14:58:19,907:WARNING:
'xgboost' is a soft dependency and not included in the pycaret installation. Please run: `pip install xgboost` to install.
Alternately, you can install this by running `pip install pycaret[models]`
2024-03-10 14:58:19,907:WARNING:
'catboost' is a soft dependency and not included in the pycaret installation. Please run: `pip install catboost` to install.
Alternately, you can install this by running `pip install pycaret[models]`
2024-03-10 14:58:19,908:INFO:Engine successfully changes for model 'lasso' to 'sklearn'.
2024-03-10 14:58:19,915:INFO:Engine for model 'ridge' has not been set explicitly, hence returning None.
2024-03-10 14:58:19,923:INFO:Engine for model 'en' has not been set explicitly, hence returning None.
2024-03-10 14:58:20,023:INFO:Engine for model 'svm' has not been set explicitly, hence returning None.
2024-03-10 14:58:20,111:INFO:Engine for model 'knn' has not been set explicitly, hence returning None.
2024-03-10 14:58:20,112:WARNING:
'xgboost' is a soft dependency and not included in the pycaret installation. Please run: `pip install xgboost` to install.
Alternately, you can install this by running `pip install pycaret[models]`
2024-03-10 14:58:20,112:WARNING:
'catboost' is a soft dependency and not included in the pycaret installation. Please run: `pip install catboost` to install.
Alternately, you can install this by running `pip install pycaret[models]`
2024-03-10 14:58:20,119:INFO:Engine for model 'ridge' has not been set explicitly, hence returning None.
2024-03-10 14:58:20,127:INFO:Engine for model 'en' has not been set explicitly, hence returning None.
2024-03-10 14:58:20,221:INFO:Engine for model 'svm' has not been set explicitly, hence returning None.
2024-03-10 14:58:20,295:INFO:Engine for model 'knn' has not been set explicitly, hence returning None.
2024-03-10 14:58:20,296:WARNING:
'xgboost' is a soft dependency and not included in the pycaret installation. Please run: `pip install xgboost` to install.
Alternately, you can install this by running `pip install pycaret[models]`
2024-03-10 14:58:20,296:WARNING:
'catboost' is a soft dependency and not included in the pycaret installation. Please run: `pip install catboost` to install.
Alternately, you can install this by running `pip install pycaret[models]`
2024-03-10 14:58:20,297:INFO:Engine successfully changes for model 'ridge' to 'sklearn'.
2024-03-10 14:58:20,311:INFO:Engine for model 'en' has not been set explicitly, hence returning None.
2024-03-10 14:58:20,405:INFO:Engine for model 'svm' has not been set explicitly, hence returning None.
2024-03-10 14:58:20,482:INFO:Engine for model 'knn' has not been set explicitly, hence returning None.
2024-03-10 14:58:20,483:WARNING:
'xgboost' is a soft dependency and not included in the pycaret installation. Please run: `pip install xgboost` to install.
Alternately, you can install this by running `pip install pycaret[models]`
2024-03-10 14:58:20,483:WARNING:
'catboost' is a soft dependency and not included in the pycaret installation. Please run: `pip install catboost` to install.
Alternately, you can install this by running `pip install pycaret[models]`
2024-03-10 14:58:20,498:INFO:Engine for model 'en' has not been set explicitly, hence returning None.
2024-03-10 14:58:20,602:INFO:Engine for model 'svm' has not been set explicitly, hence returning None.
2024-03-10 14:58:20,679:INFO:Engine for model 'knn' has not been set explicitly, hence returning None.
2024-03-10 14:58:20,680:WARNING:
'xgboost' is a soft dependency and not included in the pycaret installation. Please run: `pip install xgboost` to install.
Alternately, you can install this by running `pip install pycaret[models]`
2024-03-10 14:58:20,680:WARNING:
'catboost' is a soft dependency and not included in the pycaret installation. Please run: `pip install catboost` to install.
Alternately, you can install this by running `pip install pycaret[models]`
2024-03-10 14:58:20,680:INFO:Engine successfully changes for model 'en' to 'sklearn'.
2024-03-10 14:58:20,800:INFO:Engine for model 'svm' has not been set explicitly, hence returning None.
2024-03-10 14:58:20,877:INFO:Engine for model 'knn' has not been set explicitly, hence returning None.
2024-03-10 14:58:20,878:WARNING:
'xgboost' is a soft dependency and not included in the pycaret installation. Please run: `pip install xgboost` to install.
Alternately, you can install this by running `pip install pycaret[models]`
2024-03-10 14:58:20,878:WARNING:
'catboost' is a soft dependency and not included in the pycaret installation. Please run: `pip install catboost` to install.
Alternately, you can install this by running `pip install pycaret[models]`
2024-03-10 14:58:21,005:INFO:Engine for model 'svm' has not been set explicitly, hence returning None.
2024-03-10 14:58:21,093:INFO:Engine for model 'knn' has not been set explicitly, hence returning None.
2024-03-10 14:58:21,093:WARNING:
'xgboost' is a soft dependency and not included in the pycaret installation. Please run: `pip install xgboost` to install.
Alternately, you can install this by running `pip install pycaret[models]`
2024-03-10 14:58:21,094:WARNING:
'catboost' is a soft dependency and not included in the pycaret installation. Please run: `pip install catboost` to install.
Alternately, you can install this by running `pip install pycaret[models]`
2024-03-10 14:58:21,094:INFO:Engine successfully changes for model 'knn' to 'sklearn'.
2024-03-10 14:58:21,208:INFO:Engine for model 'svm' has not been set explicitly, hence returning None.
2024-03-10 14:58:21,282:WARNING:
'xgboost' is a soft dependency and not included in the pycaret installation. Please run: `pip install xgboost` to install.
Alternately, you can install this by running `pip install pycaret[models]`
2024-03-10 14:58:21,282:WARNING:
'catboost' is a soft dependency and not included in the pycaret installation. Please run: `pip install catboost` to install.
Alternately, you can install this by running `pip install pycaret[models]`
2024-03-10 14:58:21,404:INFO:Engine for model 'svm' has not been set explicitly, hence returning None.
2024-03-10 14:58:21,480:WARNING:
'xgboost' is a soft dependency and not included in the pycaret installation. Please run: `pip install xgboost` to install.
Alternately, you can install this by running `pip install pycaret[models]`
2024-03-10 14:58:21,481:WARNING:
'catboost' is a soft dependency and not included in the pycaret installation. Please run: `pip install catboost` to install.
Alternately, you can install this by running `pip install pycaret[models]`
2024-03-10 14:58:21,481:INFO:Engine successfully changes for model 'svm' to 'sklearn'.
2024-03-10 14:58:21,666:WARNING:
'xgboost' is a soft dependency and not included in the pycaret installation. Please run: `pip install xgboost` to install.
Alternately, you can install this by running `pip install pycaret[models]`
2024-03-10 14:58:21,667:WARNING:
'catboost' is a soft dependency and not included in the pycaret installation. Please run: `pip install catboost` to install.
Alternately, you can install this by running `pip install pycaret[models]`
2024-03-10 14:58:21,839:WARNING:
'xgboost' is a soft dependency and not included in the pycaret installation. Please run: `pip install xgboost` to install.
Alternately, you can install this by running `pip install pycaret[models]`
2024-03-10 14:58:21,840:WARNING:
'catboost' is a soft dependency and not included in the pycaret installation. Please run: `pip install catboost` to install.
Alternately, you can install this by running `pip install pycaret[models]`
2024-03-10 14:58:21,848:INFO:Preparing preprocessing pipeline...
2024-03-10 14:58:21,848:INFO:Set up simple imputation.
2024-03-10 14:58:21,885:INFO:Finished creating preprocessing pipeline.
2024-03-10 14:58:21,892:INFO:Pipeline: Pipeline(memory=FastMemory(location=C:\Users\JOELPR~1\AppData\Local\Temp\joblib),
         steps=[('numerical_imputer',
                 TransformerWrapper(exclude=None,
                                    include=['age', 'sex', 'cp', 'trestbps'],
                                    transformer=SimpleImputer(add_indicator=False,
                                                              copy=True,
                                                              fill_value=None,
                                                              keep_empty_features=False,
                                                              missing_values=nan,
                                                              strategy='mean'))),
                ('categorical_imputer',
                 TransformerWrapper(exclude=None, include=[],
                                    transformer=SimpleImputer(add_indicator=False,
                                                              copy=True,
                                                              fill_value=None,
                                                              keep_empty_features=False,
                                                              missing_values=nan,
                                                              strategy='most_frequent')))],
         verbose=False)
2024-03-10 14:58:21,893:INFO:Creating final display dataframe.
2024-03-10 14:58:22,007:INFO:Setup _display_container:                     Description             Value
0                    Session id              7034
1                        Target              chol
2                   Target type        Regression
3           Original data shape          (303, 5)
4        Transformed data shape          (303, 5)
5   Transformed train set shape          (212, 5)
6    Transformed test set shape           (91, 5)
7              Numeric features                 4
8                    Preprocess              True
9               Imputation type            simple
10           Numeric imputation              mean
11       Categorical imputation              mode
12               Fold Generator             KFold
13                  Fold Number                10
14                     CPU Jobs                -1
15                      Use GPU             False
16               Log Experiment             False
17              Experiment Name  reg-default-name
18                          USI              144f
2024-03-10 14:58:22,227:WARNING:
'xgboost' is a soft dependency and not included in the pycaret installation. Please run: `pip install xgboost` to install.
Alternately, you can install this by running `pip install pycaret[models]`
2024-03-10 14:58:22,227:WARNING:
'catboost' is a soft dependency and not included in the pycaret installation. Please run: `pip install catboost` to install.
Alternately, you can install this by running `pip install pycaret[models]`
2024-03-10 14:58:22,416:WARNING:
'xgboost' is a soft dependency and not included in the pycaret installation. Please run: `pip install xgboost` to install.
Alternately, you can install this by running `pip install pycaret[models]`
2024-03-10 14:58:22,416:WARNING:
'catboost' is a soft dependency and not included in the pycaret installation. Please run: `pip install catboost` to install.
Alternately, you can install this by running `pip install pycaret[models]`
2024-03-10 14:58:22,417:WARNING:D:\joel\Lib\site-packages\pycaret\internal\metrics.py:51: FutureWarning: The `needs_threshold` and `needs_proba` parameter are deprecated in version 1.4 and will be removed in 1.6. You can either let `response_method` be `None` or set it to `predict` to preserve the same behaviour.
  warnings.warn(

2024-03-10 14:58:22,418:INFO:setup() successfully completed in 3.05s...............
2024-03-10 14:58:22,420:INFO:Initializing compare_models()
2024-03-10 14:58:22,420:INFO:compare_models(self=<pycaret.regression.oop.RegressionExperiment object at 0x0000025BF2872F50>, include=None, exclude=None, fold=None, round=4, cross_validation=True, sort=R2, n_select=1, budget_time=None, turbo=True, errors=ignore, fit_kwargs=None, groups=None, experiment_custom_tags=None, probability_threshold=None, verbose=True, parallel=None, caller_params={'self': <pycaret.regression.oop.RegressionExperiment object at 0x0000025BF2872F50>, 'include': None, 'exclude': None, 'fold': None, 'round': 4, 'cross_validation': True, 'sort': 'R2', 'n_select': 1, 'budget_time': None, 'turbo': True, 'errors': 'ignore', 'fit_kwargs': None, 'groups': None, 'experiment_custom_tags': None, 'engine': None, 'verbose': True, 'parallel': None, '__class__': <class 'pycaret.regression.oop.RegressionExperiment'>})
2024-03-10 14:58:22,420:INFO:Checking exceptions
2024-03-10 14:58:22,422:INFO:Preparing display monitor
2024-03-10 14:58:22,465:INFO:Initializing Linear Regression
2024-03-10 14:58:22,465:INFO:Total runtime is 0.0 minutes
2024-03-10 14:58:22,470:INFO:SubProcess create_model() called ==================================
2024-03-10 14:58:22,471:INFO:Initializing create_model()
2024-03-10 14:58:22,471:INFO:create_model(self=<pycaret.regression.oop.RegressionExperiment object at 0x0000025BF2872F50>, estimator=lr, fold=KFold(n_splits=10, random_state=None, shuffle=False), round=4, cross_validation=True, predict=True, fit_kwargs={}, groups=None, refit=False, probability_threshold=None, experiment_custom_tags=None, verbose=False, system=False, add_to_model_list=True, metrics=None, display=<pycaret.internal.display.display.CommonDisplay object at 0x0000025BF01938D0>, model_only=True, return_train_score=False, error_score=0.0, kwargs={})
2024-03-10 14:58:22,471:INFO:Checking exceptions
2024-03-10 14:58:22,471:INFO:Importing libraries
2024-03-10 14:58:22,472:INFO:Copying training dataset
2024-03-10 14:58:22,477:INFO:Defining folds
2024-03-10 14:58:22,478:INFO:Declaring metric variables
2024-03-10 14:58:22,483:INFO:Importing untrained model
2024-03-10 14:58:22,488:INFO:Linear Regression Imported successfully
2024-03-10 14:58:22,500:INFO:Starting cross validation
2024-03-10 14:58:22,502:INFO:Cross validating with KFold(n_splits=10, random_state=None, shuffle=False), n_jobs=-1
2024-03-10 14:58:37,644:INFO:Calculating mean and std
2024-03-10 14:58:37,653:INFO:Creating metrics dataframe
2024-03-10 14:58:37,665:INFO:Uploading results into container
2024-03-10 14:58:37,668:INFO:Uploading model into container now
2024-03-10 14:58:37,671:INFO:_master_model_container: 1
2024-03-10 14:58:37,671:INFO:_display_container: 2
2024-03-10 14:58:37,672:INFO:LinearRegression(copy_X=True, fit_intercept=True, n_jobs=-1, positive=False)
2024-03-10 14:58:37,672:INFO:create_model() successfully completed......................................
2024-03-10 14:58:39,988:INFO:SubProcess create_model() end ==================================
2024-03-10 14:58:39,988:INFO:Creating metrics dataframe
2024-03-10 14:58:40,046:INFO:Initializing Lasso Regression
2024-03-10 14:58:40,047:INFO:Total runtime is 0.293023935953776 minutes
2024-03-10 14:58:40,052:INFO:SubProcess create_model() called ==================================
2024-03-10 14:58:40,053:INFO:Initializing create_model()
2024-03-10 14:58:40,053:INFO:create_model(self=<pycaret.regression.oop.RegressionExperiment object at 0x0000025BF2872F50>, estimator=lasso, fold=KFold(n_splits=10, random_state=None, shuffle=False), round=4, cross_validation=True, predict=True, fit_kwargs={}, groups=None, refit=False, probability_threshold=None, experiment_custom_tags=None, verbose=False, system=False, add_to_model_list=True, metrics=None, display=<pycaret.internal.display.display.CommonDisplay object at 0x0000025BF01938D0>, model_only=True, return_train_score=False, error_score=0.0, kwargs={})
2024-03-10 14:58:40,054:INFO:Checking exceptions
2024-03-10 14:58:40,054:INFO:Importing libraries
2024-03-10 14:58:40,055:INFO:Copying training dataset
2024-03-10 14:58:40,063:INFO:Defining folds
2024-03-10 14:58:40,063:INFO:Declaring metric variables
2024-03-10 14:58:40,068:INFO:Importing untrained model
2024-03-10 14:58:40,075:INFO:Lasso Regression Imported successfully
2024-03-10 14:58:40,087:INFO:Starting cross validation
2024-03-10 14:58:40,088:INFO:Cross validating with KFold(n_splits=10, random_state=None, shuffle=False), n_jobs=-1
2024-03-10 14:58:40,284:INFO:Calculating mean and std
2024-03-10 14:58:40,286:INFO:Creating metrics dataframe
2024-03-10 14:58:40,293:INFO:Uploading results into container
2024-03-10 14:58:40,295:INFO:Uploading model into container now
2024-03-10 14:58:40,295:INFO:_master_model_container: 2
2024-03-10 14:58:40,295:INFO:_display_container: 2
2024-03-10 14:58:40,296:INFO:Lasso(alpha=1.0, copy_X=True, fit_intercept=True, max_iter=1000, positive=False,
      precompute=False, random_state=7034, selection='cyclic', tol=0.0001,
      warm_start=False)
2024-03-10 14:58:40,297:INFO:create_model() successfully completed......................................
2024-03-10 14:58:40,439:INFO:SubProcess create_model() end ==================================
2024-03-10 14:58:40,440:INFO:Creating metrics dataframe
2024-03-10 14:58:40,457:INFO:Initializing Ridge Regression
2024-03-10 14:58:40,457:INFO:Total runtime is 0.29985593954722084 minutes
2024-03-10 14:58:40,464:INFO:SubProcess create_model() called ==================================
2024-03-10 14:58:40,465:INFO:Initializing create_model()
2024-03-10 14:58:40,465:INFO:create_model(self=<pycaret.regression.oop.RegressionExperiment object at 0x0000025BF2872F50>, estimator=ridge, fold=KFold(n_splits=10, random_state=None, shuffle=False), round=4, cross_validation=True, predict=True, fit_kwargs={}, groups=None, refit=False, probability_threshold=None, experiment_custom_tags=None, verbose=False, system=False, add_to_model_list=True, metrics=None, display=<pycaret.internal.display.display.CommonDisplay object at 0x0000025BF01938D0>, model_only=True, return_train_score=False, error_score=0.0, kwargs={})
2024-03-10 14:58:40,465:INFO:Checking exceptions
2024-03-10 14:58:40,466:INFO:Importing libraries
2024-03-10 14:58:40,466:INFO:Copying training dataset
2024-03-10 14:58:40,473:INFO:Defining folds
2024-03-10 14:58:40,474:INFO:Declaring metric variables
2024-03-10 14:58:40,481:INFO:Importing untrained model
2024-03-10 14:58:40,489:INFO:Ridge Regression Imported successfully
2024-03-10 14:58:40,501:INFO:Starting cross validation
2024-03-10 14:58:40,503:INFO:Cross validating with KFold(n_splits=10, random_state=None, shuffle=False), n_jobs=-1
2024-03-10 14:58:40,694:INFO:Calculating mean and std
2024-03-10 14:58:40,696:INFO:Creating metrics dataframe
2024-03-10 14:58:40,702:INFO:Uploading results into container
2024-03-10 14:58:40,704:INFO:Uploading model into container now
2024-03-10 14:58:40,705:INFO:_master_model_container: 3
2024-03-10 14:58:40,705:INFO:_display_container: 2
2024-03-10 14:58:40,706:INFO:Ridge(alpha=1.0, copy_X=True, fit_intercept=True, max_iter=None, positive=False,
      random_state=7034, solver='auto', tol=0.0001)
2024-03-10 14:58:40,706:INFO:create_model() successfully completed......................................
2024-03-10 14:58:40,856:INFO:SubProcess create_model() end ==================================
2024-03-10 14:58:40,856:INFO:Creating metrics dataframe
2024-03-10 14:58:40,875:INFO:Initializing Elastic Net
2024-03-10 14:58:40,875:INFO:Total runtime is 0.30682757298151647 minutes
2024-03-10 14:58:40,884:INFO:SubProcess create_model() called ==================================
2024-03-10 14:58:40,884:INFO:Initializing create_model()
2024-03-10 14:58:40,885:INFO:create_model(self=<pycaret.regression.oop.RegressionExperiment object at 0x0000025BF2872F50>, estimator=en, fold=KFold(n_splits=10, random_state=None, shuffle=False), round=4, cross_validation=True, predict=True, fit_kwargs={}, groups=None, refit=False, probability_threshold=None, experiment_custom_tags=None, verbose=False, system=False, add_to_model_list=True, metrics=None, display=<pycaret.internal.display.display.CommonDisplay object at 0x0000025BF01938D0>, model_only=True, return_train_score=False, error_score=0.0, kwargs={})
2024-03-10 14:58:40,885:INFO:Checking exceptions
2024-03-10 14:58:40,885:INFO:Importing libraries
2024-03-10 14:58:40,886:INFO:Copying training dataset
2024-03-10 14:58:40,894:INFO:Defining folds
2024-03-10 14:58:40,895:INFO:Declaring metric variables
2024-03-10 14:58:40,901:INFO:Importing untrained model
2024-03-10 14:58:40,908:INFO:Elastic Net Imported successfully
2024-03-10 14:58:40,918:INFO:Starting cross validation
2024-03-10 14:58:40,919:INFO:Cross validating with KFold(n_splits=10, random_state=None, shuffle=False), n_jobs=-1
2024-03-10 14:58:41,104:INFO:Calculating mean and std
2024-03-10 14:58:41,106:INFO:Creating metrics dataframe
2024-03-10 14:58:41,113:INFO:Uploading results into container
2024-03-10 14:58:41,114:INFO:Uploading model into container now
2024-03-10 14:58:41,115:INFO:_master_model_container: 4
2024-03-10 14:58:41,115:INFO:_display_container: 2
2024-03-10 14:58:41,116:INFO:ElasticNet(alpha=1.0, copy_X=True, fit_intercept=True, l1_ratio=0.5,
           max_iter=1000, positive=False, precompute=False, random_state=7034,
           selection='cyclic', tol=0.0001, warm_start=False)
2024-03-10 14:58:41,116:INFO:create_model() successfully completed......................................
2024-03-10 14:58:41,297:INFO:SubProcess create_model() end ==================================
2024-03-10 14:58:41,298:INFO:Creating metrics dataframe
2024-03-10 14:58:41,330:INFO:Initializing Least Angle Regression
2024-03-10 14:58:41,331:INFO:Total runtime is 0.31442484855651853 minutes
2024-03-10 14:58:41,339:INFO:SubProcess create_model() called ==================================
2024-03-10 14:58:41,340:INFO:Initializing create_model()
2024-03-10 14:58:41,340:INFO:create_model(self=<pycaret.regression.oop.RegressionExperiment object at 0x0000025BF2872F50>, estimator=lar, fold=KFold(n_splits=10, random_state=None, shuffle=False), round=4, cross_validation=True, predict=True, fit_kwargs={}, groups=None, refit=False, probability_threshold=None, experiment_custom_tags=None, verbose=False, system=False, add_to_model_list=True, metrics=None, display=<pycaret.internal.display.display.CommonDisplay object at 0x0000025BF01938D0>, model_only=True, return_train_score=False, error_score=0.0, kwargs={})
2024-03-10 14:58:41,340:INFO:Checking exceptions
2024-03-10 14:58:41,341:INFO:Importing libraries
2024-03-10 14:58:41,341:INFO:Copying training dataset
2024-03-10 14:58:41,353:INFO:Defining folds
2024-03-10 14:58:41,353:INFO:Declaring metric variables
2024-03-10 14:58:41,361:INFO:Importing untrained model
2024-03-10 14:58:41,371:INFO:Least Angle Regression Imported successfully
2024-03-10 14:58:41,391:INFO:Starting cross validation
2024-03-10 14:58:41,394:INFO:Cross validating with KFold(n_splits=10, random_state=None, shuffle=False), n_jobs=-1
2024-03-10 14:58:41,706:INFO:Calculating mean and std
2024-03-10 14:58:41,708:INFO:Creating metrics dataframe
2024-03-10 14:58:41,714:INFO:Uploading results into container
2024-03-10 14:58:41,715:INFO:Uploading model into container now
2024-03-10 14:58:41,716:INFO:_master_model_container: 5
2024-03-10 14:58:41,716:INFO:_display_container: 2
2024-03-10 14:58:41,717:INFO:Lars(copy_X=True, eps=2.220446049250313e-16, fit_intercept=True, fit_path=True,
     jitter=None, n_nonzero_coefs=500, precompute='auto', random_state=7034,
     verbose=False)
2024-03-10 14:58:41,717:INFO:create_model() successfully completed......................................
2024-03-10 14:58:41,861:INFO:SubProcess create_model() end ==================================
2024-03-10 14:58:41,862:INFO:Creating metrics dataframe
2024-03-10 14:58:41,883:INFO:Initializing Lasso Least Angle Regression
2024-03-10 14:58:41,883:INFO:Total runtime is 0.3236374497413635 minutes
2024-03-10 14:58:41,889:INFO:SubProcess create_model() called ==================================
2024-03-10 14:58:41,890:INFO:Initializing create_model()
2024-03-10 14:58:41,890:INFO:create_model(self=<pycaret.regression.oop.RegressionExperiment object at 0x0000025BF2872F50>, estimator=llar, fold=KFold(n_splits=10, random_state=None, shuffle=False), round=4, cross_validation=True, predict=True, fit_kwargs={}, groups=None, refit=False, probability_threshold=None, experiment_custom_tags=None, verbose=False, system=False, add_to_model_list=True, metrics=None, display=<pycaret.internal.display.display.CommonDisplay object at 0x0000025BF01938D0>, model_only=True, return_train_score=False, error_score=0.0, kwargs={})
2024-03-10 14:58:41,890:INFO:Checking exceptions
2024-03-10 14:58:41,891:INFO:Importing libraries
2024-03-10 14:58:41,891:INFO:Copying training dataset
2024-03-10 14:58:41,897:INFO:Defining folds
2024-03-10 14:58:41,897:INFO:Declaring metric variables
2024-03-10 14:58:41,902:INFO:Importing untrained model
2024-03-10 14:58:41,910:INFO:Lasso Least Angle Regression Imported successfully
2024-03-10 14:58:41,921:INFO:Starting cross validation
2024-03-10 14:58:41,923:INFO:Cross validating with KFold(n_splits=10, random_state=None, shuffle=False), n_jobs=-1
2024-03-10 14:58:42,106:INFO:Calculating mean and std
2024-03-10 14:58:42,108:INFO:Creating metrics dataframe
2024-03-10 14:58:42,114:INFO:Uploading results into container
2024-03-10 14:58:42,115:INFO:Uploading model into container now
2024-03-10 14:58:42,116:INFO:_master_model_container: 6
2024-03-10 14:58:42,116:INFO:_display_container: 2
2024-03-10 14:58:42,117:INFO:LassoLars(alpha=1.0, copy_X=True, eps=2.220446049250313e-16, fit_intercept=True,
          fit_path=True, jitter=None, max_iter=500, positive=False,
          precompute='auto', random_state=7034, verbose=False)
2024-03-10 14:58:42,118:INFO:create_model() successfully completed......................................
2024-03-10 14:58:42,293:INFO:SubProcess create_model() end ==================================
2024-03-10 14:58:42,294:INFO:Creating metrics dataframe
2024-03-10 14:58:42,324:INFO:Initializing Orthogonal Matching Pursuit
2024-03-10 14:58:42,324:INFO:Total runtime is 0.33097336292266843 minutes
2024-03-10 14:58:42,332:INFO:SubProcess create_model() called ==================================
2024-03-10 14:58:42,333:INFO:Initializing create_model()
2024-03-10 14:58:42,333:INFO:create_model(self=<pycaret.regression.oop.RegressionExperiment object at 0x0000025BF2872F50>, estimator=omp, fold=KFold(n_splits=10, random_state=None, shuffle=False), round=4, cross_validation=True, predict=True, fit_kwargs={}, groups=None, refit=False, probability_threshold=None, experiment_custom_tags=None, verbose=False, system=False, add_to_model_list=True, metrics=None, display=<pycaret.internal.display.display.CommonDisplay object at 0x0000025BF01938D0>, model_only=True, return_train_score=False, error_score=0.0, kwargs={})
2024-03-10 14:58:42,333:INFO:Checking exceptions
2024-03-10 14:58:42,333:INFO:Importing libraries
2024-03-10 14:58:42,334:INFO:Copying training dataset
2024-03-10 14:58:42,341:INFO:Defining folds
2024-03-10 14:58:42,341:INFO:Declaring metric variables
2024-03-10 14:58:42,349:INFO:Importing untrained model
2024-03-10 14:58:42,355:INFO:Orthogonal Matching Pursuit Imported successfully
2024-03-10 14:58:42,365:INFO:Starting cross validation
2024-03-10 14:58:42,367:INFO:Cross validating with KFold(n_splits=10, random_state=None, shuffle=False), n_jobs=-1
2024-03-10 14:58:42,536:INFO:Calculating mean and std
2024-03-10 14:58:42,539:INFO:Creating metrics dataframe
2024-03-10 14:58:42,545:INFO:Uploading results into container
2024-03-10 14:58:42,546:INFO:Uploading model into container now
2024-03-10 14:58:42,547:INFO:_master_model_container: 7
2024-03-10 14:58:42,547:INFO:_display_container: 2
2024-03-10 14:58:42,548:INFO:OrthogonalMatchingPursuit(fit_intercept=True, n_nonzero_coefs=None,
                          precompute='auto', tol=None)
2024-03-10 14:58:42,548:INFO:create_model() successfully completed......................................
2024-03-10 14:58:42,707:INFO:SubProcess create_model() end ==================================
2024-03-10 14:58:42,707:INFO:Creating metrics dataframe
2024-03-10 14:58:42,734:INFO:Initializing Bayesian Ridge
2024-03-10 14:58:42,735:INFO:Total runtime is 0.3378385782241821 minutes
2024-03-10 14:58:42,740:INFO:SubProcess create_model() called ==================================
2024-03-10 14:58:42,741:INFO:Initializing create_model()
2024-03-10 14:58:42,741:INFO:create_model(self=<pycaret.regression.oop.RegressionExperiment object at 0x0000025BF2872F50>, estimator=br, fold=KFold(n_splits=10, random_state=None, shuffle=False), round=4, cross_validation=True, predict=True, fit_kwargs={}, groups=None, refit=False, probability_threshold=None, experiment_custom_tags=None, verbose=False, system=False, add_to_model_list=True, metrics=None, display=<pycaret.internal.display.display.CommonDisplay object at 0x0000025BF01938D0>, model_only=True, return_train_score=False, error_score=0.0, kwargs={})
2024-03-10 14:58:42,741:INFO:Checking exceptions
2024-03-10 14:58:42,742:INFO:Importing libraries
2024-03-10 14:58:42,742:INFO:Copying training dataset
2024-03-10 14:58:42,746:INFO:Defining folds
2024-03-10 14:58:42,746:INFO:Declaring metric variables
2024-03-10 14:58:42,752:INFO:Importing untrained model
2024-03-10 14:58:42,760:INFO:Bayesian Ridge Imported successfully
2024-03-10 14:58:42,769:INFO:Starting cross validation
2024-03-10 14:58:42,771:INFO:Cross validating with KFold(n_splits=10, random_state=None, shuffle=False), n_jobs=-1
2024-03-10 14:58:43,176:INFO:Calculating mean and std
2024-03-10 14:58:43,178:INFO:Creating metrics dataframe
2024-03-10 14:58:43,185:INFO:Uploading results into container
2024-03-10 14:58:43,187:INFO:Uploading model into container now
2024-03-10 14:58:43,188:INFO:_master_model_container: 8
2024-03-10 14:58:43,188:INFO:_display_container: 2
2024-03-10 14:58:43,190:INFO:BayesianRidge(alpha_1=1e-06, alpha_2=1e-06, alpha_init=None,
              compute_score=False, copy_X=True, fit_intercept=True,
              lambda_1=1e-06, lambda_2=1e-06, lambda_init=None, max_iter=None,
              n_iter='deprecated', tol=0.001, verbose=False)
2024-03-10 14:58:43,191:INFO:create_model() successfully completed......................................
2024-03-10 14:58:43,355:INFO:SubProcess create_model() end ==================================
2024-03-10 14:58:43,356:INFO:Creating metrics dataframe
2024-03-10 14:58:43,384:INFO:Initializing Passive Aggressive Regressor
2024-03-10 14:58:43,385:INFO:Total runtime is 0.34866259495417273 minutes
2024-03-10 14:58:43,393:INFO:SubProcess create_model() called ==================================
2024-03-10 14:58:43,394:INFO:Initializing create_model()
2024-03-10 14:58:43,394:INFO:create_model(self=<pycaret.regression.oop.RegressionExperiment object at 0x0000025BF2872F50>, estimator=par, fold=KFold(n_splits=10, random_state=None, shuffle=False), round=4, cross_validation=True, predict=True, fit_kwargs={}, groups=None, refit=False, probability_threshold=None, experiment_custom_tags=None, verbose=False, system=False, add_to_model_list=True, metrics=None, display=<pycaret.internal.display.display.CommonDisplay object at 0x0000025BF01938D0>, model_only=True, return_train_score=False, error_score=0.0, kwargs={})
2024-03-10 14:58:43,395:INFO:Checking exceptions
2024-03-10 14:58:43,395:INFO:Importing libraries
2024-03-10 14:58:43,395:INFO:Copying training dataset
2024-03-10 14:58:43,404:INFO:Defining folds
2024-03-10 14:58:43,405:INFO:Declaring metric variables
2024-03-10 14:58:43,413:INFO:Importing untrained model
2024-03-10 14:58:43,420:INFO:Passive Aggressive Regressor Imported successfully
2024-03-10 14:58:43,434:INFO:Starting cross validation
2024-03-10 14:58:43,435:INFO:Cross validating with KFold(n_splits=10, random_state=None, shuffle=False), n_jobs=-1
2024-03-10 14:58:43,659:INFO:Calculating mean and std
2024-03-10 14:58:43,662:INFO:Creating metrics dataframe
2024-03-10 14:58:43,674:INFO:Uploading results into container
2024-03-10 14:58:43,676:INFO:Uploading model into container now
2024-03-10 14:58:43,677:INFO:_master_model_container: 9
2024-03-10 14:58:43,677:INFO:_display_container: 2
2024-03-10 14:58:43,678:INFO:PassiveAggressiveRegressor(C=1.0, average=False, early_stopping=False,
                           epsilon=0.1, fit_intercept=True,
                           loss='epsilon_insensitive', max_iter=1000,
                           n_iter_no_change=5, random_state=7034, shuffle=True,
                           tol=0.001, validation_fraction=0.1, verbose=0,
                           warm_start=False)
2024-03-10 14:58:43,679:INFO:create_model() successfully completed......................................
2024-03-10 14:58:43,854:INFO:SubProcess create_model() end ==================================
2024-03-10 14:58:43,854:INFO:Creating metrics dataframe
2024-03-10 14:58:43,878:INFO:Initializing Huber Regressor
2024-03-10 14:58:43,878:INFO:Total runtime is 0.3568769693374633 minutes
2024-03-10 14:58:43,884:INFO:SubProcess create_model() called ==================================
2024-03-10 14:58:43,884:INFO:Initializing create_model()
2024-03-10 14:58:43,885:INFO:create_model(self=<pycaret.regression.oop.RegressionExperiment object at 0x0000025BF2872F50>, estimator=huber, fold=KFold(n_splits=10, random_state=None, shuffle=False), round=4, cross_validation=True, predict=True, fit_kwargs={}, groups=None, refit=False, probability_threshold=None, experiment_custom_tags=None, verbose=False, system=False, add_to_model_list=True, metrics=None, display=<pycaret.internal.display.display.CommonDisplay object at 0x0000025BF01938D0>, model_only=True, return_train_score=False, error_score=0.0, kwargs={})
2024-03-10 14:58:43,885:INFO:Checking exceptions
2024-03-10 14:58:43,885:INFO:Importing libraries
2024-03-10 14:58:43,885:INFO:Copying training dataset
2024-03-10 14:58:43,895:INFO:Defining folds
2024-03-10 14:58:43,895:INFO:Declaring metric variables
2024-03-10 14:58:43,902:INFO:Importing untrained model
2024-03-10 14:58:43,911:INFO:Huber Regressor Imported successfully
2024-03-10 14:58:43,928:INFO:Starting cross validation
2024-03-10 14:58:43,930:INFO:Cross validating with KFold(n_splits=10, random_state=None, shuffle=False), n_jobs=-1
2024-03-10 14:58:44,271:INFO:Calculating mean and std
2024-03-10 14:58:44,272:INFO:Creating metrics dataframe
2024-03-10 14:58:44,278:INFO:Uploading results into container
2024-03-10 14:58:44,278:INFO:Uploading model into container now
2024-03-10 14:58:44,279:INFO:_master_model_container: 10
2024-03-10 14:58:44,280:INFO:_display_container: 2
2024-03-10 14:58:44,280:INFO:HuberRegressor(alpha=0.0001, epsilon=1.35, fit_intercept=True, max_iter=100,
               tol=1e-05, warm_start=False)
2024-03-10 14:58:44,280:INFO:create_model() successfully completed......................................
2024-03-10 14:58:44,433:INFO:SubProcess create_model() end ==================================
2024-03-10 14:58:44,434:INFO:Creating metrics dataframe
2024-03-10 14:58:44,459:INFO:Initializing K Neighbors Regressor
2024-03-10 14:58:44,459:INFO:Total runtime is 0.3665663083394368 minutes
2024-03-10 14:58:44,464:INFO:SubProcess create_model() called ==================================
2024-03-10 14:58:44,465:INFO:Initializing create_model()
2024-03-10 14:58:44,465:INFO:create_model(self=<pycaret.regression.oop.RegressionExperiment object at 0x0000025BF2872F50>, estimator=knn, fold=KFold(n_splits=10, random_state=None, shuffle=False), round=4, cross_validation=True, predict=True, fit_kwargs={}, groups=None, refit=False, probability_threshold=None, experiment_custom_tags=None, verbose=False, system=False, add_to_model_list=True, metrics=None, display=<pycaret.internal.display.display.CommonDisplay object at 0x0000025BF01938D0>, model_only=True, return_train_score=False, error_score=0.0, kwargs={})
2024-03-10 14:58:44,465:INFO:Checking exceptions
2024-03-10 14:58:44,466:INFO:Importing libraries
2024-03-10 14:58:44,466:INFO:Copying training dataset
2024-03-10 14:58:44,475:INFO:Defining folds
2024-03-10 14:58:44,475:INFO:Declaring metric variables
2024-03-10 14:58:44,481:INFO:Importing untrained model
2024-03-10 14:58:44,489:INFO:K Neighbors Regressor Imported successfully
2024-03-10 14:58:44,500:INFO:Starting cross validation
2024-03-10 14:58:44,502:INFO:Cross validating with KFold(n_splits=10, random_state=None, shuffle=False), n_jobs=-1
2024-03-10 14:58:44,729:INFO:Calculating mean and std
2024-03-10 14:58:44,731:INFO:Creating metrics dataframe
2024-03-10 14:58:44,741:INFO:Uploading results into container
2024-03-10 14:58:44,743:INFO:Uploading model into container now
2024-03-10 14:58:44,744:INFO:_master_model_container: 11
2024-03-10 14:58:44,744:INFO:_display_container: 2
2024-03-10 14:58:44,745:INFO:KNeighborsRegressor(algorithm='auto', leaf_size=30, metric='minkowski',
                    metric_params=None, n_jobs=-1, n_neighbors=5, p=2,
                    weights='uniform')
2024-03-10 14:58:44,746:INFO:create_model() successfully completed......................................
2024-03-10 14:58:44,928:INFO:SubProcess create_model() end ==================================
2024-03-10 14:58:44,928:INFO:Creating metrics dataframe
2024-03-10 14:58:44,948:INFO:Initializing Decision Tree Regressor
2024-03-10 14:58:44,948:INFO:Total runtime is 0.37471673091252644 minutes
2024-03-10 14:58:44,953:INFO:SubProcess create_model() called ==================================
2024-03-10 14:58:44,954:INFO:Initializing create_model()
2024-03-10 14:58:44,954:INFO:create_model(self=<pycaret.regression.oop.RegressionExperiment object at 0x0000025BF2872F50>, estimator=dt, fold=KFold(n_splits=10, random_state=None, shuffle=False), round=4, cross_validation=True, predict=True, fit_kwargs={}, groups=None, refit=False, probability_threshold=None, experiment_custom_tags=None, verbose=False, system=False, add_to_model_list=True, metrics=None, display=<pycaret.internal.display.display.CommonDisplay object at 0x0000025BF01938D0>, model_only=True, return_train_score=False, error_score=0.0, kwargs={})
2024-03-10 14:58:44,954:INFO:Checking exceptions
2024-03-10 14:58:44,955:INFO:Importing libraries
2024-03-10 14:58:44,955:INFO:Copying training dataset
2024-03-10 14:58:44,963:INFO:Defining folds
2024-03-10 14:58:44,963:INFO:Declaring metric variables
2024-03-10 14:58:44,969:INFO:Importing untrained model
2024-03-10 14:58:44,974:INFO:Decision Tree Regressor Imported successfully
2024-03-10 14:58:44,984:INFO:Starting cross validation
2024-03-10 14:58:44,985:INFO:Cross validating with KFold(n_splits=10, random_state=None, shuffle=False), n_jobs=-1
2024-03-10 14:58:45,122:INFO:Calculating mean and std
2024-03-10 14:58:45,123:INFO:Creating metrics dataframe
2024-03-10 14:58:45,128:INFO:Uploading results into container
2024-03-10 14:58:45,129:INFO:Uploading model into container now
2024-03-10 14:58:45,130:INFO:_master_model_container: 12
2024-03-10 14:58:45,130:INFO:_display_container: 2
2024-03-10 14:58:45,132:INFO:DecisionTreeRegressor(ccp_alpha=0.0, criterion='squared_error', max_depth=None,
                      max_features=None, max_leaf_nodes=None,
                      min_impurity_decrease=0.0, min_samples_leaf=1,
                      min_samples_split=2, min_weight_fraction_leaf=0.0,
                      monotonic_cst=None, random_state=7034, splitter='best')
2024-03-10 14:58:45,132:INFO:create_model() successfully completed......................................
2024-03-10 14:58:45,296:INFO:SubProcess create_model() end ==================================
2024-03-10 14:58:45,296:INFO:Creating metrics dataframe
2024-03-10 14:58:45,321:INFO:Initializing Random Forest Regressor
2024-03-10 14:58:45,321:INFO:Total runtime is 0.38093369801839194 minutes
2024-03-10 14:58:45,327:INFO:SubProcess create_model() called ==================================
2024-03-10 14:58:45,327:INFO:Initializing create_model()
2024-03-10 14:58:45,327:INFO:create_model(self=<pycaret.regression.oop.RegressionExperiment object at 0x0000025BF2872F50>, estimator=rf, fold=KFold(n_splits=10, random_state=None, shuffle=False), round=4, cross_validation=True, predict=True, fit_kwargs={}, groups=None, refit=False, probability_threshold=None, experiment_custom_tags=None, verbose=False, system=False, add_to_model_list=True, metrics=None, display=<pycaret.internal.display.display.CommonDisplay object at 0x0000025BF01938D0>, model_only=True, return_train_score=False, error_score=0.0, kwargs={})
2024-03-10 14:58:45,328:INFO:Checking exceptions
2024-03-10 14:58:45,328:INFO:Importing libraries
2024-03-10 14:58:45,328:INFO:Copying training dataset
2024-03-10 14:58:45,336:INFO:Defining folds
2024-03-10 14:58:45,336:INFO:Declaring metric variables
2024-03-10 14:58:45,342:INFO:Importing untrained model
2024-03-10 14:58:45,347:INFO:Random Forest Regressor Imported successfully
2024-03-10 14:58:45,358:INFO:Starting cross validation
2024-03-10 14:58:45,359:INFO:Cross validating with KFold(n_splits=10, random_state=None, shuffle=False), n_jobs=-1
2024-03-10 14:58:46,344:INFO:Calculating mean and std
2024-03-10 14:58:46,346:INFO:Creating metrics dataframe
2024-03-10 14:58:46,352:INFO:Uploading results into container
2024-03-10 14:58:46,353:INFO:Uploading model into container now
2024-03-10 14:58:46,353:INFO:_master_model_container: 13
2024-03-10 14:58:46,353:INFO:_display_container: 2
2024-03-10 14:58:46,354:INFO:RandomForestRegressor(bootstrap=True, ccp_alpha=0.0, criterion='squared_error',
                      max_depth=None, max_features=1.0, max_leaf_nodes=None,
                      max_samples=None, min_impurity_decrease=0.0,
                      min_samples_leaf=1, min_samples_split=2,
                      min_weight_fraction_leaf=0.0, monotonic_cst=None,
                      n_estimators=100, n_jobs=-1, oob_score=False,
                      random_state=7034, verbose=0, warm_start=False)
2024-03-10 14:58:46,355:INFO:create_model() successfully completed......................................
2024-03-10 14:58:46,497:INFO:SubProcess create_model() end ==================================
2024-03-10 14:58:46,497:INFO:Creating metrics dataframe
2024-03-10 14:58:46,521:INFO:Initializing Extra Trees Regressor
2024-03-10 14:58:46,522:INFO:Total runtime is 0.40095086892445886 minutes
2024-03-10 14:58:46,526:INFO:SubProcess create_model() called ==================================
2024-03-10 14:58:46,526:INFO:Initializing create_model()
2024-03-10 14:58:46,526:INFO:create_model(self=<pycaret.regression.oop.RegressionExperiment object at 0x0000025BF2872F50>, estimator=et, fold=KFold(n_splits=10, random_state=None, shuffle=False), round=4, cross_validation=True, predict=True, fit_kwargs={}, groups=None, refit=False, probability_threshold=None, experiment_custom_tags=None, verbose=False, system=False, add_to_model_list=True, metrics=None, display=<pycaret.internal.display.display.CommonDisplay object at 0x0000025BF01938D0>, model_only=True, return_train_score=False, error_score=0.0, kwargs={})
2024-03-10 14:58:46,526:INFO:Checking exceptions
2024-03-10 14:58:46,527:INFO:Importing libraries
2024-03-10 14:58:46,527:INFO:Copying training dataset
2024-03-10 14:58:46,535:INFO:Defining folds
2024-03-10 14:58:46,535:INFO:Declaring metric variables
2024-03-10 14:58:46,540:INFO:Importing untrained model
2024-03-10 14:58:46,546:INFO:Extra Trees Regressor Imported successfully
2024-03-10 14:58:46,559:INFO:Starting cross validation
2024-03-10 14:58:46,560:INFO:Cross validating with KFold(n_splits=10, random_state=None, shuffle=False), n_jobs=-1
2024-03-10 14:58:47,286:INFO:Calculating mean and std
2024-03-10 14:58:47,288:INFO:Creating metrics dataframe
2024-03-10 14:58:47,295:INFO:Uploading results into container
2024-03-10 14:58:47,296:INFO:Uploading model into container now
2024-03-10 14:58:47,297:INFO:_master_model_container: 14
2024-03-10 14:58:47,297:INFO:_display_container: 2
2024-03-10 14:58:47,298:INFO:ExtraTreesRegressor(bootstrap=False, ccp_alpha=0.0, criterion='squared_error',
                    max_depth=None, max_features=1.0, max_leaf_nodes=None,
                    max_samples=None, min_impurity_decrease=0.0,
                    min_samples_leaf=1, min_samples_split=2,
                    min_weight_fraction_leaf=0.0, monotonic_cst=None,
                    n_estimators=100, n_jobs=-1, oob_score=False,
                    random_state=7034, verbose=0, warm_start=False)
2024-03-10 14:58:47,298:INFO:create_model() successfully completed......................................
2024-03-10 14:58:47,430:INFO:SubProcess create_model() end ==================================
2024-03-10 14:58:47,431:INFO:Creating metrics dataframe
2024-03-10 14:58:47,449:INFO:Initializing AdaBoost Regressor
2024-03-10 14:58:47,450:INFO:Total runtime is 0.41640794674555465 minutes
2024-03-10 14:58:47,454:INFO:SubProcess create_model() called ==================================
2024-03-10 14:58:47,454:INFO:Initializing create_model()
2024-03-10 14:58:47,454:INFO:create_model(self=<pycaret.regression.oop.RegressionExperiment object at 0x0000025BF2872F50>, estimator=ada, fold=KFold(n_splits=10, random_state=None, shuffle=False), round=4, cross_validation=True, predict=True, fit_kwargs={}, groups=None, refit=False, probability_threshold=None, experiment_custom_tags=None, verbose=False, system=False, add_to_model_list=True, metrics=None, display=<pycaret.internal.display.display.CommonDisplay object at 0x0000025BF01938D0>, model_only=True, return_train_score=False, error_score=0.0, kwargs={})
2024-03-10 14:58:47,455:INFO:Checking exceptions
2024-03-10 14:58:47,455:INFO:Importing libraries
2024-03-10 14:58:47,455:INFO:Copying training dataset
2024-03-10 14:58:47,460:INFO:Defining folds
2024-03-10 14:58:47,460:INFO:Declaring metric variables
2024-03-10 14:58:47,464:INFO:Importing untrained model
2024-03-10 14:58:47,470:INFO:AdaBoost Regressor Imported successfully
2024-03-10 14:58:47,479:INFO:Starting cross validation
2024-03-10 14:58:47,481:INFO:Cross validating with KFold(n_splits=10, random_state=None, shuffle=False), n_jobs=-1
2024-03-10 14:58:47,884:INFO:Calculating mean and std
2024-03-10 14:58:47,888:INFO:Creating metrics dataframe
2024-03-10 14:58:47,899:INFO:Uploading results into container
2024-03-10 14:58:47,900:INFO:Uploading model into container now
2024-03-10 14:58:47,901:INFO:_master_model_container: 15
2024-03-10 14:58:47,901:INFO:_display_container: 2
2024-03-10 14:58:47,902:INFO:AdaBoostRegressor(estimator=None, learning_rate=1.0, loss='linear',
                  n_estimators=50, random_state=7034)
2024-03-10 14:58:47,902:INFO:create_model() successfully completed......................................
2024-03-10 14:58:48,045:INFO:SubProcess create_model() end ==================================
2024-03-10 14:58:48,046:INFO:Creating metrics dataframe
2024-03-10 14:58:48,067:INFO:Initializing Gradient Boosting Regressor
2024-03-10 14:58:48,067:INFO:Total runtime is 0.4267029086748759 minutes
2024-03-10 14:58:48,072:INFO:SubProcess create_model() called ==================================
2024-03-10 14:58:48,073:INFO:Initializing create_model()
2024-03-10 14:58:48,073:INFO:create_model(self=<pycaret.regression.oop.RegressionExperiment object at 0x0000025BF2872F50>, estimator=gbr, fold=KFold(n_splits=10, random_state=None, shuffle=False), round=4, cross_validation=True, predict=True, fit_kwargs={}, groups=None, refit=False, probability_threshold=None, experiment_custom_tags=None, verbose=False, system=False, add_to_model_list=True, metrics=None, display=<pycaret.internal.display.display.CommonDisplay object at 0x0000025BF01938D0>, model_only=True, return_train_score=False, error_score=0.0, kwargs={})
2024-03-10 14:58:48,073:INFO:Checking exceptions
2024-03-10 14:58:48,073:INFO:Importing libraries
2024-03-10 14:58:48,074:INFO:Copying training dataset
2024-03-10 14:58:48,078:INFO:Defining folds
2024-03-10 14:58:48,079:INFO:Declaring metric variables
2024-03-10 14:58:48,083:INFO:Importing untrained model
2024-03-10 14:58:48,089:INFO:Gradient Boosting Regressor Imported successfully
2024-03-10 14:58:48,097:INFO:Starting cross validation
2024-03-10 14:58:48,098:INFO:Cross validating with KFold(n_splits=10, random_state=None, shuffle=False), n_jobs=-1
2024-03-10 14:58:48,555:INFO:Calculating mean and std
2024-03-10 14:58:48,557:INFO:Creating metrics dataframe
2024-03-10 14:58:48,564:INFO:Uploading results into container
2024-03-10 14:58:48,566:INFO:Uploading model into container now
2024-03-10 14:58:48,567:INFO:_master_model_container: 16
2024-03-10 14:58:48,567:INFO:_display_container: 2
2024-03-10 14:58:48,568:INFO:GradientBoostingRegressor(alpha=0.9, ccp_alpha=0.0, criterion='friedman_mse',
                          init=None, learning_rate=0.1, loss='squared_error',
                          max_depth=3, max_features=None, max_leaf_nodes=None,
                          min_impurity_decrease=0.0, min_samples_leaf=1,
                          min_samples_split=2, min_weight_fraction_leaf=0.0,
                          n_estimators=100, n_iter_no_change=None,
                          random_state=7034, subsample=1.0, tol=0.0001,
                          validation_fraction=0.1, verbose=0, warm_start=False)
2024-03-10 14:58:48,569:INFO:create_model() successfully completed......................................
2024-03-10 14:58:48,703:INFO:SubProcess create_model() end ==================================
2024-03-10 14:58:48,703:INFO:Creating metrics dataframe
2024-03-10 14:58:48,723:INFO:Initializing Light Gradient Boosting Machine
2024-03-10 14:58:48,723:INFO:Total runtime is 0.4376352270444234 minutes
2024-03-10 14:58:48,728:INFO:SubProcess create_model() called ==================================
2024-03-10 14:58:48,728:INFO:Initializing create_model()
2024-03-10 14:58:48,728:INFO:create_model(self=<pycaret.regression.oop.RegressionExperiment object at 0x0000025BF2872F50>, estimator=lightgbm, fold=KFold(n_splits=10, random_state=None, shuffle=False), round=4, cross_validation=True, predict=True, fit_kwargs={}, groups=None, refit=False, probability_threshold=None, experiment_custom_tags=None, verbose=False, system=False, add_to_model_list=True, metrics=None, display=<pycaret.internal.display.display.CommonDisplay object at 0x0000025BF01938D0>, model_only=True, return_train_score=False, error_score=0.0, kwargs={})
2024-03-10 14:58:48,728:INFO:Checking exceptions
2024-03-10 14:58:48,729:INFO:Importing libraries
2024-03-10 14:58:48,729:INFO:Copying training dataset
2024-03-10 14:58:48,734:INFO:Defining folds
2024-03-10 14:58:48,734:INFO:Declaring metric variables
2024-03-10 14:58:48,738:INFO:Importing untrained model
2024-03-10 14:58:48,743:INFO:Light Gradient Boosting Machine Imported successfully
2024-03-10 14:58:48,752:INFO:Starting cross validation
2024-03-10 14:58:48,753:INFO:Cross validating with KFold(n_splits=10, random_state=None, shuffle=False), n_jobs=-1
2024-03-10 14:58:49,224:INFO:Calculating mean and std
2024-03-10 14:58:49,228:INFO:Creating metrics dataframe
2024-03-10 14:58:49,242:INFO:Uploading results into container
2024-03-10 14:58:49,244:INFO:Uploading model into container now
2024-03-10 14:58:49,245:INFO:_master_model_container: 17
2024-03-10 14:58:49,246:INFO:_display_container: 2
2024-03-10 14:58:49,248:INFO:LGBMRegressor(boosting_type='gbdt', class_weight=None, colsample_bytree=1.0,
              importance_type='split', learning_rate=0.1, max_depth=-1,
              min_child_samples=20, min_child_weight=0.001, min_split_gain=0.0,
              n_estimators=100, n_jobs=-1, num_leaves=31, objective=None,
              random_state=7034, reg_alpha=0.0, reg_lambda=0.0, subsample=1.0,
              subsample_for_bin=200000, subsample_freq=0)
2024-03-10 14:58:49,248:INFO:create_model() successfully completed......................................
2024-03-10 14:58:49,427:INFO:SubProcess create_model() end ==================================
2024-03-10 14:58:49,427:INFO:Creating metrics dataframe
2024-03-10 14:58:49,444:INFO:Initializing Dummy Regressor
2024-03-10 14:58:49,445:INFO:Total runtime is 0.44966882864634194 minutes
2024-03-10 14:58:49,449:INFO:SubProcess create_model() called ==================================
2024-03-10 14:58:49,450:INFO:Initializing create_model()
2024-03-10 14:58:49,450:INFO:create_model(self=<pycaret.regression.oop.RegressionExperiment object at 0x0000025BF2872F50>, estimator=dummy, fold=KFold(n_splits=10, random_state=None, shuffle=False), round=4, cross_validation=True, predict=True, fit_kwargs={}, groups=None, refit=False, probability_threshold=None, experiment_custom_tags=None, verbose=False, system=False, add_to_model_list=True, metrics=None, display=<pycaret.internal.display.display.CommonDisplay object at 0x0000025BF01938D0>, model_only=True, return_train_score=False, error_score=0.0, kwargs={})
2024-03-10 14:58:49,450:INFO:Checking exceptions
2024-03-10 14:58:49,451:INFO:Importing libraries
2024-03-10 14:58:49,451:INFO:Copying training dataset
2024-03-10 14:58:49,455:INFO:Defining folds
2024-03-10 14:58:49,456:INFO:Declaring metric variables
2024-03-10 14:58:49,461:INFO:Importing untrained model
2024-03-10 14:58:49,466:INFO:Dummy Regressor Imported successfully
2024-03-10 14:58:49,475:INFO:Starting cross validation
2024-03-10 14:58:49,476:INFO:Cross validating with KFold(n_splits=10, random_state=None, shuffle=False), n_jobs=-1
2024-03-10 14:58:49,597:INFO:Calculating mean and std
2024-03-10 14:58:49,599:INFO:Creating metrics dataframe
2024-03-10 14:58:49,604:INFO:Uploading results into container
2024-03-10 14:58:49,605:INFO:Uploading model into container now
2024-03-10 14:58:49,605:INFO:_master_model_container: 18
2024-03-10 14:58:49,605:INFO:_display_container: 2
2024-03-10 14:58:49,606:INFO:DummyRegressor(constant=None, quantile=None, strategy='mean')
2024-03-10 14:58:49,606:INFO:create_model() successfully completed......................................
2024-03-10 14:58:49,739:INFO:SubProcess create_model() end ==================================
2024-03-10 14:58:49,740:INFO:Creating metrics dataframe
2024-03-10 14:58:49,771:INFO:Initializing create_model()
2024-03-10 14:58:49,771:INFO:create_model(self=<pycaret.regression.oop.RegressionExperiment object at 0x0000025BF2872F50>, estimator=DummyRegressor(constant=None, quantile=None, strategy='mean'), fold=KFold(n_splits=10, random_state=None, shuffle=False), round=4, cross_validation=False, predict=False, fit_kwargs={}, groups=None, refit=True, probability_threshold=None, experiment_custom_tags=None, verbose=False, system=False, add_to_model_list=True, metrics=None, display=None, model_only=True, return_train_score=False, error_score=0.0, kwargs={})
2024-03-10 14:58:49,771:INFO:Checking exceptions
2024-03-10 14:58:49,775:INFO:Importing libraries
2024-03-10 14:58:49,775:INFO:Copying training dataset
2024-03-10 14:58:49,779:INFO:Defining folds
2024-03-10 14:58:49,779:INFO:Declaring metric variables
2024-03-10 14:58:49,780:INFO:Importing untrained model
2024-03-10 14:58:49,780:INFO:Declaring custom model
2024-03-10 14:58:49,781:INFO:Dummy Regressor Imported successfully
2024-03-10 14:58:49,782:INFO:Cross validation set to False
2024-03-10 14:58:49,782:INFO:Fitting Model
2024-03-10 14:58:49,789:INFO:DummyRegressor(constant=None, quantile=None, strategy='mean')
2024-03-10 14:58:49,789:INFO:create_model() successfully completed......................................
2024-03-10 14:58:49,953:INFO:_master_model_container: 18
2024-03-10 14:58:49,953:INFO:_display_container: 2
2024-03-10 14:58:49,953:INFO:DummyRegressor(constant=None, quantile=None, strategy='mean')
2024-03-10 14:58:49,953:INFO:compare_models() successfully completed......................................
2024-03-10 14:58:49,957:INFO:Initializing evaluate_model()
2024-03-10 14:58:49,957:INFO:evaluate_model(self=<pycaret.regression.oop.RegressionExperiment object at 0x0000025BF2872F50>, estimator=DummyRegressor(constant=None, quantile=None, strategy='mean'), fold=None, fit_kwargs=None, plot_kwargs=None, feature_name=None, groups=None)
2024-03-10 14:58:49,976:INFO:Initializing plot_model()
2024-03-10 14:58:49,976:INFO:plot_model(self=<pycaret.regression.oop.RegressionExperiment object at 0x0000025BF2872F50>, estimator=DummyRegressor(constant=None, quantile=None, strategy='mean'), plot=pipeline, scale=1, save=False, fold=KFold(n_splits=10, random_state=None, shuffle=False), fit_kwargs={}, plot_kwargs=None, groups=None, feature_name=None, label=False, verbose=False, system=True, display=None, display_format=None)
2024-03-10 14:58:49,977:INFO:Checking exceptions
2024-03-10 14:58:49,979:INFO:Preloading libraries
2024-03-10 14:58:49,979:INFO:Copying training dataset
2024-03-10 14:58:49,979:INFO:Plot type: pipeline
2024-03-10 14:58:50,272:INFO:Visual Rendered Successfully
2024-03-10 14:58:50,400:INFO:plot_model() successfully completed......................................
